<?xml version="1.0" encoding="UTF-8"?>
<!-- Generated by org.testng.reporters.JUnitXMLReporter -->
<testsuite hostname="pi3002" ignored="0" name="Surefire test" tests="7" failures="1" timestamp="20 Apr 2019 11:43:09 GMT" time="76.903" errors="0">
  <testcase name="CreateNewAccount" time="15.907" classname="IPF_Ex.TestSuite1"/>
  <testcase name="CreateAccountWithSameData" time="8.017" classname="IPF_Ex.TestSuite1"/>
  <testcase name="FailingTest" time="26.958" classname="IPF_Ex.TestSuite1">
    <failure type="org.openqa.selenium.TimeoutException" message="Expected condition failed: waiting for presence of element located by: By.cssSelector: #create_account_error ol (tried for 15 second(s) with 500 MILLISECONDS interval)">
      <![CDATA[org.openqa.selenium.TimeoutException: Expected condition failed: waiting for presence of element located by: By.cssSelector: #create_account_error ol (tried for 15 second(s) with 500 MILLISECONDS interval)
at org.openqa.selenium.support.ui.WebDriverWait.timeoutException(WebDriverWait.java:80)
at org.openqa.selenium.support.ui.FluentWait.until(FluentWait.java:232)
at IPF_Ex.helpers.WebElementH.<init>(WebElementH.java:28)
at IPF_Ex.pages.AuthenticationPage.ErrorMsgElement(AuthenticationPage.java:32)
at IPF_Ex.TestSuite1.FailingTest(TestSuite1.java:100)
Caused by: org.openqa.selenium.NoSuchElementException: Cannot locate an element using By.cssSelector: #create_account_error ol
For documentation on this error, please visit: http://seleniumhq.org/exceptions/no_such_element.html
Build info: version: '3.4.0', revision: 'unknown', time: 'unknown'
System info: host: 'PI3002', ip: '192.168.0.185', os.name: 'Windows 10', os.arch: 'amd64', os.version: '10.0', java.version: '1.8.0_202'
Driver info: driver.version: unknown
at org.openqa.selenium.support.ui.ExpectedConditions.lambda$findElement$0(ExpectedConditions.java:883)
at java.util.Optional.orElseThrow(Optional.java:290)
at org.openqa.selenium.support.ui.ExpectedConditions.findElement(ExpectedConditions.java:882)
at org.openqa.selenium.support.ui.ExpectedConditions.access$000(ExpectedConditions.java:44)
at org.openqa.selenium.support.ui.ExpectedConditions$6.apply(ExpectedConditions.java:183)
at org.openqa.selenium.support.ui.ExpectedConditions$6.apply(ExpectedConditions.java:180)
at org.openqa.selenium.support.ui.FluentWait.until(FluentWait.java:209)
... 33 more
... Removed 30 stack frames]]>
    </failure>
  </testcase> <!-- FailingTest -->
  <testcase name="LogInWithCreatedAccount" time="9.198" classname="IPF_Ex.TestSuite1"/>
  <testcase name="GetMaxUserId" time="0.827" classname="IPF_Ex.TestSuite2"/>
  <testcase name="CreateCommentForPost" time="0.797" classname="IPF_Ex.TestSuite2"/>
  <testcase name="GetMaxUserPostId" time="0.453" classname="IPF_Ex.TestSuite2"/>
</testsuite> <!-- Surefire test -->
