<!DOCTYPE html PUBLIC "-//W3C//DTD XHTML 1.1//EN" "http://www.w3.org/TR/xhtml11/DTD/xhtml11.dtd">
<html xmlns="http://www.w3.org/1999/xhtml">
<head>
<meta http-equiv="content-type" content="text/html; charset=UTF-8"/>
<title>TestNG Report</title>
<style type="text/css">table {margin-bottom:10px;border-collapse:collapse;empty-cells:show}th,td {border:1px solid #009;padding:.25em .5em}th {vertical-align:bottom}td {vertical-align:top}table a {font-weight:bold}.stripe td {background-color: #E6EBF9}.num {text-align:right}.passedodd td {background-color: #3F3}.passedeven td {background-color: #0A0}.skippedodd td {background-color: #DDD}.skippedeven td {background-color: #CCC}.failedodd td,.attn {background-color: #F33}.failedeven td,.stripe .attn {background-color: #D00}.stacktrace {white-space:pre;font-family:monospace}.totop {font-size:85%;text-align:center;border-bottom:2px solid #000}.invisible {display:none}</style>
</head>
<body>
<table>
<tr><th>Test</th><th># Passed</th><th># Skipped</th><th># Failed</th><th>Time (ms)</th><th>Included Groups</th><th>Excluded Groups</th></tr>
<tr><th colspan="7">Surefire suite</th></tr>
<tr><td><a href="#t0">Surefire test</a></td><td class="num">6</td><td class="num">0</td><td class="num attn">1</td><td class="num">76,903</td><td></td><td></td></tr>
</table>
<table id='summary'><thead><tr><th>Class</th><th>Method</th><th>Start</th><th>Time (ms)</th></tr></thead><tbody><tr><th colspan="4">Surefire suite</th></tr></tbody><tbody id="t0"><tr><th colspan="4">Surefire test &#8212; failed</th></tr><tr class="failedeven"><td rowspan="1">IPF_Ex.TestSuite1</td><td><a href="#m0">FailingTest</a></td><td rowspan="1">1555760546790</td><td rowspan="1">26958</td></tr><tr><th colspan="4">Surefire test &#8212; passed</th></tr><tr class="passedeven"><td rowspan="3">IPF_Ex.TestSuite1</td><td><a href="#m1">CreateAccountWithSameData</a></td><td rowspan="1">1555760535343</td><td rowspan="1">8017</td></tr><tr class="passedeven"><td><a href="#m2">CreateNewAccount</a></td><td rowspan="1">1555760515974</td><td rowspan="1">15907</td></tr><tr class="passedeven"><td><a href="#m3">LogInWithCreatedAccount</a></td><td rowspan="1">1555760577283</td><td rowspan="1">9198</td></tr><tr class="passedodd"><td rowspan="3">IPF_Ex.TestSuite2</td><td><a href="#m4">CreateCommentForPost</a></td><td rowspan="1">1555760588134</td><td rowspan="1">797</td></tr><tr class="passedodd"><td><a href="#m5">GetMaxUserId</a></td><td rowspan="1">1555760587307</td><td rowspan="1">827</td></tr><tr class="passedodd"><td><a href="#m6">GetMaxUserPostId</a></td><td rowspan="1">1555760588931</td><td rowspan="1">453</td></tr></tbody>
</table>
<h2>Surefire test</h2><h3 id="m0">IPF_Ex.TestSuite1#FailingTest</h3><table class="result"><tr><th>Exception</th></tr><tr><td><div class="stacktrace">org.openqa.selenium.TimeoutException: Expected condition failed: waiting for presence of element located by: By.cssSelector: #create_account_error ol (tried for 15 second(s) with 500 MILLISECONDS interval)
	at org.openqa.selenium.support.ui.WebDriverWait.timeoutException(WebDriverWait.java:80)
	at org.openqa.selenium.support.ui.FluentWait.until(FluentWait.java:232)
	at IPF_Ex.helpers.WebElementH.&lt;init&gt;(WebElementH.java:28)
	at IPF_Ex.pages.AuthenticationPage.ErrorMsgElement(AuthenticationPage.java:32)
	at IPF_Ex.TestSuite1.FailingTest(TestSuite1.java:100)
Caused by: org.openqa.selenium.NoSuchElementException: Cannot locate an element using By.cssSelector: #create_account_error ol
For documentation on this error, please visit: http://seleniumhq.org/exceptions/no_such_element.html
Build info: version: &apos;3.4.0&apos;, revision: &apos;unknown&apos;, time: &apos;unknown&apos;
System info: host: &apos;PI3002&apos;, ip: &apos;192.168.0.185&apos;, os.name: &apos;Windows 10&apos;, os.arch: &apos;amd64&apos;, os.version: &apos;10.0&apos;, java.version: &apos;1.8.0_202&apos;
Driver info: driver.version: unknown
	at org.openqa.selenium.support.ui.ExpectedConditions.lambda$findElement$0(ExpectedConditions.java:883)
	at java.util.Optional.orElseThrow(Optional.java:290)
	at org.openqa.selenium.support.ui.ExpectedConditions.findElement(ExpectedConditions.java:882)
	at org.openqa.selenium.support.ui.ExpectedConditions.access$000(ExpectedConditions.java:44)
	at org.openqa.selenium.support.ui.ExpectedConditions$6.apply(ExpectedConditions.java:183)
	at org.openqa.selenium.support.ui.ExpectedConditions$6.apply(ExpectedConditions.java:180)
	at org.openqa.selenium.support.ui.FluentWait.until(FluentWait.java:209)
	... 33 more
... Removed 30 stack frames</div></td></tr></table><p class="totop"><a href="#summary">back to summary</a></p>
<h3 id="m1">IPF_Ex.TestSuite1#CreateAccountWithSameData</h3><table class="result"><tr><th class="invisible"/></tr></table><p class="totop"><a href="#summary">back to summary</a></p>
<h3 id="m2">IPF_Ex.TestSuite1#CreateNewAccount</h3><table class="result"><tr><th class="invisible"/></tr></table><p class="totop"><a href="#summary">back to summary</a></p>
<h3 id="m3">IPF_Ex.TestSuite1#LogInWithCreatedAccount</h3><table class="result"><tr><th class="invisible"/></tr></table><p class="totop"><a href="#summary">back to summary</a></p>
<h3 id="m4">IPF_Ex.TestSuite2#CreateCommentForPost</h3><table class="result"><tr><th class="invisible"/></tr></table><p class="totop"><a href="#summary">back to summary</a></p>
<h3 id="m5">IPF_Ex.TestSuite2#GetMaxUserId</h3><table class="result"><tr><th class="invisible"/></tr></table><p class="totop"><a href="#summary">back to summary</a></p>
<h3 id="m6">IPF_Ex.TestSuite2#GetMaxUserPostId</h3><table class="result"><tr><th class="invisible"/></tr></table><p class="totop"><a href="#summary">back to summary</a></p>
</body>
</html>
