<?xml version="1.0" encoding="UTF-8"?>
<testng-results skipped="0" failed="1" ignored="0" total="7" passed="6">
  <reporter-output>
  </reporter-output>
  <suite name="Surefire suite" duration-ms="76903" started-at="2019-04-20T11:41:52Z" finished-at="2019-04-20T11:43:09Z">
    <groups>
      <group name="CreateAccount">
        <method signature="TestSuite1.CreateNewAccount()[pri:0, instance:IPF_Ex.TestSuite1@7f560810]" name="CreateNewAccount" class="IPF_Ex.TestSuite1"/>
      </group> <!-- CreateAccount -->
    </groups>
    <test name="Surefire test" duration-ms="76903" started-at="2019-04-20T11:41:52Z" finished-at="2019-04-20T11:43:09Z">
      <class name="IPF_Ex.TestSuite1">
        <test-method status="PASS" signature="BeforeTestSuit()[pri:0, instance:IPF_Ex.TestSuite1@7f560810]" name="BeforeTestSuit" is-config="true" duration-ms="16" started-at="2019-04-20T11:41:52Z" finished-at="2019-04-20T11:41:52Z">
          <reporter-output>
          </reporter-output>
        </test-method> <!-- BeforeTestSuit -->
        <test-method status="PASS" signature="BeforeTest()[pri:0, instance:IPF_Ex.TestSuite1@7f560810]" name="BeforeTest" is-config="true" duration-ms="3477" started-at="2019-04-20T11:41:52Z" finished-at="2019-04-20T11:41:55Z">
          <reporter-output>
          </reporter-output>
        </test-method> <!-- BeforeTest -->
        <test-method status="PASS" signature="CreateNewAccount()[pri:0, instance:IPF_Ex.TestSuite1@7f560810]" name="CreateNewAccount" duration-ms="15907" started-at="2019-04-20T11:41:55Z" finished-at="2019-04-20T11:42:11Z">
          <reporter-output>
          </reporter-output>
        </test-method> <!-- CreateNewAccount -->
        <test-method status="PASS" signature="AfterTest()[pri:0, instance:IPF_Ex.TestSuite1@7f560810]" name="AfterTest" is-config="true" duration-ms="606" started-at="2019-04-20T11:42:11Z" finished-at="2019-04-20T11:42:12Z">
          <reporter-output>
          </reporter-output>
        </test-method> <!-- AfterTest -->
        <test-method status="PASS" signature="BeforeTest()[pri:0, instance:IPF_Ex.TestSuite1@7f560810]" name="BeforeTest" is-config="true" duration-ms="2856" started-at="2019-04-20T11:42:12Z" finished-at="2019-04-20T11:42:15Z">
          <reporter-output>
          </reporter-output>
        </test-method> <!-- BeforeTest -->
        <test-method status="PASS" signature="CreateAccountWithSameData()[pri:0, instance:IPF_Ex.TestSuite1@7f560810]" name="CreateAccountWithSameData" duration-ms="8017" depends-on-groups="CreateAccount" started-at="2019-04-20T11:42:15Z" finished-at="2019-04-20T11:42:23Z">
          <reporter-output>
          </reporter-output>
        </test-method> <!-- CreateAccountWithSameData -->
        <test-method status="PASS" signature="AfterTest()[pri:0, instance:IPF_Ex.TestSuite1@7f560810]" name="AfterTest" is-config="true" duration-ms="641" started-at="2019-04-20T11:42:23Z" finished-at="2019-04-20T11:42:24Z">
          <reporter-output>
          </reporter-output>
        </test-method> <!-- AfterTest -->
        <test-method status="PASS" signature="BeforeTest()[pri:0, instance:IPF_Ex.TestSuite1@7f560810]" name="BeforeTest" is-config="true" duration-ms="2789" started-at="2019-04-20T11:42:24Z" finished-at="2019-04-20T11:42:26Z">
          <reporter-output>
          </reporter-output>
        </test-method> <!-- BeforeTest -->
        <test-method status="FAIL" signature="FailingTest()[pri:0, instance:IPF_Ex.TestSuite1@7f560810]" name="FailingTest" duration-ms="26958" depends-on-groups="CreateAccount" started-at="2019-04-20T11:42:26Z" finished-at="2019-04-20T11:42:53Z">
          <exception class="org.openqa.selenium.TimeoutException">
            <message>
              <![CDATA[Expected condition failed: waiting for presence of element located by: By.cssSelector: #create_account_error ol (tried for 15 second(s) with 500 MILLISECONDS interval)]]>
            </message>
            <full-stacktrace>
              <![CDATA[org.openqa.selenium.TimeoutException: Expected condition failed: waiting for presence of element located by: By.cssSelector: #create_account_error ol (tried for 15 second(s) with 500 MILLISECONDS interval)
at org.openqa.selenium.support.ui.WebDriverWait.timeoutException(WebDriverWait.java:80)
at org.openqa.selenium.support.ui.FluentWait.until(FluentWait.java:232)
at IPF_Ex.helpers.WebElementH.<init>(WebElementH.java:28)
at IPF_Ex.pages.AuthenticationPage.ErrorMsgElement(AuthenticationPage.java:32)
at IPF_Ex.TestSuite1.FailingTest(TestSuite1.java:100)
at sun.reflect.NativeMethodAccessorImpl.invoke0(Native Method)
at sun.reflect.NativeMethodAccessorImpl.invoke(NativeMethodAccessorImpl.java:62)
at sun.reflect.DelegatingMethodAccessorImpl.invoke(DelegatingMethodAccessorImpl.java:43)
at java.lang.reflect.Method.invoke(Method.java:498)
at org.testng.internal.MethodInvocationHelper.invokeMethod(MethodInvocationHelper.java:124)
at org.testng.internal.Invoker.invokeMethod(Invoker.java:583)
at org.testng.internal.Invoker.invokeTestMethod(Invoker.java:719)
at org.testng.internal.Invoker.invokeTestMethods(Invoker.java:989)
at org.testng.internal.TestMethodWorker.invokeTestMethods(TestMethodWorker.java:125)
at org.testng.internal.TestMethodWorker.run(TestMethodWorker.java:109)
at org.testng.TestRunner.privateRun(TestRunner.java:648)
at org.testng.TestRunner.run(TestRunner.java:505)
at org.testng.SuiteRunner.runTest(SuiteRunner.java:455)
at org.testng.SuiteRunner.runSequentially(SuiteRunner.java:450)
at org.testng.SuiteRunner.privateRun(SuiteRunner.java:415)
at org.testng.SuiteRunner.run(SuiteRunner.java:364)
at org.testng.SuiteRunnerWorker.runSuite(SuiteRunnerWorker.java:52)
at org.testng.SuiteRunnerWorker.run(SuiteRunnerWorker.java:84)
at org.testng.TestNG.runSuitesSequentially(TestNG.java:1208)
at org.testng.TestNG.runSuitesLocally(TestNG.java:1137)
at org.testng.TestNG.runSuites(TestNG.java:1049)
at org.testng.TestNG.run(TestNG.java:1017)
at org.apache.maven.surefire.testng.TestNGExecutor.run(TestNGExecutor.java:135)
at org.apache.maven.surefire.testng.TestNGDirectoryTestSuite.executeMulti(TestNGDirectoryTestSuite.java:193)
at org.apache.maven.surefire.testng.TestNGDirectoryTestSuite.execute(TestNGDirectoryTestSuite.java:94)
at org.apache.maven.surefire.testng.TestNGProvider.invoke(TestNGProvider.java:146)
at org.apache.maven.surefire.booter.ForkedBooter.invokeProviderInSameClassLoader(ForkedBooter.java:384)
at org.apache.maven.surefire.booter.ForkedBooter.runSuitesInProcess(ForkedBooter.java:345)
at org.apache.maven.surefire.booter.ForkedBooter.execute(ForkedBooter.java:126)
at org.apache.maven.surefire.booter.ForkedBooter.main(ForkedBooter.java:418)
Caused by: org.openqa.selenium.NoSuchElementException: Cannot locate an element using By.cssSelector: #create_account_error ol
For documentation on this error, please visit: http://seleniumhq.org/exceptions/no_such_element.html
Build info: version: '3.4.0', revision: 'unknown', time: 'unknown'
System info: host: 'PI3002', ip: '192.168.0.185', os.name: 'Windows 10', os.arch: 'amd64', os.version: '10.0', java.version: '1.8.0_202'
Driver info: driver.version: unknown
at org.openqa.selenium.support.ui.ExpectedConditions.lambda$findElement$0(ExpectedConditions.java:883)
at java.util.Optional.orElseThrow(Optional.java:290)
at org.openqa.selenium.support.ui.ExpectedConditions.findElement(ExpectedConditions.java:882)
at org.openqa.selenium.support.ui.ExpectedConditions.access$000(ExpectedConditions.java:44)
at org.openqa.selenium.support.ui.ExpectedConditions$6.apply(ExpectedConditions.java:183)
at org.openqa.selenium.support.ui.ExpectedConditions$6.apply(ExpectedConditions.java:180)
at org.openqa.selenium.support.ui.FluentWait.until(FluentWait.java:209)
... 33 more
]]>
            </full-stacktrace>
          </exception> <!-- org.openqa.selenium.TimeoutException -->
          <reporter-output>
          </reporter-output>
        </test-method> <!-- FailingTest -->
        <test-method status="PASS" signature="AfterTest()[pri:0, instance:IPF_Ex.TestSuite1@7f560810]" name="AfterTest" is-config="true" duration-ms="689" started-at="2019-04-20T11:42:53Z" finished-at="2019-04-20T11:42:54Z">
          <reporter-output>
          </reporter-output>
        </test-method> <!-- AfterTest -->
        <test-method status="PASS" signature="BeforeTest()[pri:0, instance:IPF_Ex.TestSuite1@7f560810]" name="BeforeTest" is-config="true" duration-ms="2814" started-at="2019-04-20T11:42:54Z" finished-at="2019-04-20T11:42:57Z">
          <reporter-output>
          </reporter-output>
        </test-method> <!-- BeforeTest -->
        <test-method status="PASS" signature="LogInWithCreatedAccount()[pri:0, instance:IPF_Ex.TestSuite1@7f560810]" name="LogInWithCreatedAccount" duration-ms="9198" depends-on-groups="CreateAccount" started-at="2019-04-20T11:42:57Z" finished-at="2019-04-20T11:43:06Z">
          <reporter-output>
          </reporter-output>
        </test-method> <!-- LogInWithCreatedAccount -->
        <test-method status="PASS" signature="AfterTest()[pri:0, instance:IPF_Ex.TestSuite1@7f560810]" name="AfterTest" is-config="true" duration-ms="638" started-at="2019-04-20T11:43:06Z" finished-at="2019-04-20T11:43:07Z">
          <reporter-output>
          </reporter-output>
        </test-method> <!-- AfterTest -->
      </class> <!-- IPF_Ex.TestSuite1 -->
      <class name="IPF_Ex.TestSuite2">
        <test-method status="PASS" signature="Setup()[pri:0, instance:IPF_Ex.TestSuite2@69d9c55]" name="Setup" is-config="true" duration-ms="188" started-at="2019-04-20T11:43:07Z" finished-at="2019-04-20T11:43:07Z">
          <reporter-output>
          </reporter-output>
        </test-method> <!-- Setup -->
        <test-method status="PASS" signature="GetMaxUserId()[pri:1, instance:IPF_Ex.TestSuite2@69d9c55]" name="GetMaxUserId" duration-ms="827" started-at="2019-04-20T11:43:07Z" finished-at="2019-04-20T11:43:08Z">
          <reporter-output>
          </reporter-output>
        </test-method> <!-- GetMaxUserId -->
        <test-method status="PASS" signature="CreateCommentForPost()[pri:2, instance:IPF_Ex.TestSuite2@69d9c55]" name="CreateCommentForPost" duration-ms="797" started-at="2019-04-20T11:43:08Z" finished-at="2019-04-20T11:43:08Z">
          <reporter-output>
          </reporter-output>
        </test-method> <!-- CreateCommentForPost -->
        <test-method status="PASS" signature="GetMaxUserPostId()[pri:2, instance:IPF_Ex.TestSuite2@69d9c55]" name="GetMaxUserPostId" duration-ms="453" started-at="2019-04-20T11:43:08Z" finished-at="2019-04-20T11:43:09Z">
          <reporter-output>
          </reporter-output>
        </test-method> <!-- GetMaxUserPostId -->
      </class> <!-- IPF_Ex.TestSuite2 -->
    </test> <!-- Surefire test -->
  </suite> <!-- Surefire suite -->
</testng-results>
